\BOOKMARK [1][-]{Doc-Start}{Agradecimientos}{}% 1
\BOOKMARK [1][-]{Doc-Start}{Resumen}{}% 2
\BOOKMARK [1][-]{section.1}{Generalidades del Proyecto}{}% 3
\BOOKMARK [2][-]{subsection.1.1}{Introducci\363n}{section.1}% 4
\BOOKMARK [2][-]{subsection.1.2}{Descripci\363n de la empresa u organizaci\363n y del puesto o \341rea del trabajo el estudiante}{section.1}% 5
\BOOKMARK [3][-]{subsubsection.1.2.1}{Descripcion de la Empresa}{subsection.1.2}% 6
\BOOKMARK [4][-]{paragraph.1.2.1.1}{Misi\363n}{subsubsection.1.2.1}% 7
\BOOKMARK [4][-]{paragraph.1.2.1.2}{Visi\363n}{subsubsection.1.2.1}% 8
\BOOKMARK [4][-]{paragraph.1.2.1.3}{Objetivos}{subsubsection.1.2.1}% 9
\BOOKMARK [4][-]{paragraph.1.2.1.4}{Organigrama}{subsubsection.1.2.1}% 10
\BOOKMARK [3][-]{subsubsection.1.2.2}{Descripci\363n del \341rea de trabajo en donde se inserta el proyecto de residencia}{subsection.1.2}% 11
\BOOKMARK [2][-]{subsection.1.3}{Problemas a resolver}{section.1}% 12
\BOOKMARK [2][-]{subsection.1.4}{Objetivos}{section.1}% 13
\BOOKMARK [3][-]{subsubsection.1.4.1}{Objetivo General}{subsection.1.4}% 14
\BOOKMARK [3][-]{subsubsection.1.4.2}{Objetivos Especificos}{subsection.1.4}% 15
\BOOKMARK [2][-]{subsection.1.5}{Justificacion}{section.1}% 16
\BOOKMARK [1][-]{section.2}{Marco Te\363rico}{}% 17
\BOOKMARK [2][-]{subsection.2.1}{Marco Conceptual}{section.2}% 18
\BOOKMARK [2][-]{subsection.2.2}{Discusi\363n Te\363rica}{section.2}% 19
\BOOKMARK [1][-]{section.3}{Desarrollo}{}% 20
\BOOKMARK [2][-]{subsection.3.1}{Procedimiento y descripci\362n de las actividades realizadas}{section.3}% 21
\BOOKMARK [3][-]{subsubsection.3.1.1}{Diagrama de Flujo}{subsection.3.1}% 22
\BOOKMARK [3][-]{subsubsection.3.1.2}{Descripci\363n de la metodolog\355a aplicada}{subsection.3.1}% 23
\BOOKMARK [4][-]{paragraph.3.1.2.1}{Obtenci\363n de Requerimientos}{subsubsection.3.1.2}% 24
\BOOKMARK [4][-]{paragraph.3.1.2.2}{Modelo Conceptual}{subsubsection.3.1.2}% 25
\BOOKMARK [4][-]{paragraph.3.1.2.3}{Dise\361o Navegacional}{subsubsection.3.1.2}% 26
\BOOKMARK [4][-]{paragraph.3.1.2.4}{Dise\361o de Interfaz Abstracta}{subsubsection.3.1.2}% 27
\BOOKMARK [4][-]{paragraph.3.1.2.5}{Implementaci\363n}{subsubsection.3.1.2}% 28
\BOOKMARK [1][-]{section.4}{Resultados}{}% 29
\BOOKMARK [2][-]{subsection.4.1}{Exposicion de Resultados}{section.4}% 30
\BOOKMARK [1][-]{section.5}{Conclusiones}{}% 31
\BOOKMARK [2][-]{subsection.5.1}{Conclusiones de Proyecto}{section.5}% 32
\BOOKMARK [2][-]{subsection.5.2}{Recomendaciones}{section.5}% 33
\BOOKMARK [2][-]{subsection.5.3}{Experiencia Personal Profesional Adquirida}{section.5}% 34
\BOOKMARK [1][-]{section.6}{Competencias Desarrolladas}{}% 35
\BOOKMARK [1][-]{section.7}{Fuentes De Informaci\363n}{}% 36
\BOOKMARK [1][-]{section.8}{Anexos}{}% 37
